QI5 OrdC 50000 300097 50061 281
QI5 OrdC 100000 600097 100062 510
QI5 OrdC 150000 900097 150062 765
QI5 OrdC 200000 1200097 200062 1024
QI5 OrdC 250000 1500097 250062 1297
QI5 OrdC 300000 1800097 300062 1575
QI5 OrdC 350000 2100097 350061 1809
QI5 OrdC 400000 2400097 400061 2093
QI5 OrdC 450000 2700097 450061 2326
QI5 OrdC 500000 3000097 500061 2703
QI5 OrdD 50000 300101 125060 318
QI5 OrdD 100000 600101 250060 599
QI5 OrdD 150000 900101 375060 897
QI5 OrdD 200000 1200101 500060 1195
QI5 OrdD 250000 1500101 625060 1541
QI5 OrdD 300000 1800101 750060 1794
QI5 OrdD 350000 2100101 875060 2094
QI5 OrdD 400000 2400101 1000060 2417
QI5 OrdD 450000 2700101 1125060 2720
QI5 OrdD 500000 3000101 1250060 3020
QI5 Ale 50000 21399922 21266974 22779
QI5 Ale 100000 85074222 84818440 88803
QI5 Ale 150000 191457975 191053331 197386
QI5 Ale 200000 340391292 339884390 346513
QI5 Ale 250000 532883340 532237446 546809
QI5 Ale 300000 777076274 776337332 792645
QI5 Ale 350000 1033118908 1032187717 1061774
QI5 Ale 400000 1357690436 1356681054 1362027
QI5 Ale 450000 1779295557 1778188762 1740498
QI5 Ale 500000 2154871873 2153494102 2197099
