QM3 OrdC 50000 750015 98301 693
QM3 OrdC 100000 1600016 196605 1466
QM3 OrdC 150000 2456803 253392 2199
QM3 OrdC 200000 3400017 393213 3097
QM3 OrdC 250000 4250017 393213 3675
QM3 OrdC 300000 5213588 506784 4790
QM3 OrdC 350000 6213588 656783 5489
QM3 OrdC 400000 7200018 786428 6415
QM3 OrdC 450000 8100018 786428 7004
QM3 OrdC 500000 9000018 786428 7633
QM3 OrdD 50000 750028 173297 711
QM3 OrdD 100000 1600030 346601 1499
QM3 OrdD 150000 2456820 478391 2249
QM3 OrdD 200000 3400032 693210 3145
QM3 OrdD 250000 4250032 768210 3732
QM3 OrdD 300000 5213606 956783 4663
QM3 OrdD 350000 6213606 1181783 5580
QM3 OrdD 400000 7200034 1386426 6509
QM3 OrdD 450000 8100034 1461426 7123
QM3 OrdD 500000 9000034 1536426 7758
QM3 Ale 50000 1041345 598157 3691
QM3 Ale 100000 2236059 1264522 7771
QM3 Ale 150000 3445402 1961857 12003
QM3 Ale 200000 4701123 2671612 16317
QM3 Ale 250000 6046321 3391307 20689
QM3 Ale 300000 7329992 4124869 25544
QM3 Ale 350000 8601675 4882783 29690
QM3 Ale 400000 9986893 5621903 34174
QM3 Ale 450000 11232048 6386558 38710
QM3 Ale 500000 12715172 7139796 43266
