QC OrdC 50000 750015 98301 745
QC OrdC 100000 1600016 196605 1544
QC OrdC 150000 2456803 253392 2182
QC OrdC 200000 3400017 393213 3074
QC OrdC 250000 4250017 393213 3677
QC OrdC 300000 5213588 506784 4586
QC OrdC 350000 6213588 656783 5515
QC OrdC 400000 7200018 786428 6451
QC OrdC 450000 8100018 786428 7004
QC OrdC 500000 9000018 786428 7629
QC OrdD 50000 750028 173297 712
QC OrdD 100000 1600030 346601 1493
QC OrdD 150000 2456820 478391 2244
QC OrdD 200000 3400032 693210 3124
QC OrdD 250000 4250032 768210 3732
QC OrdD 300000 5213606 956783 4648
QC OrdD 350000 6213606 1181783 5584
QC OrdD 400000 7200034 1386426 6517
QC OrdD 450000 8100034 1461426 7123
QC OrdD 500000 9000034 1536426 7795
QC Ale 50000 1048084 598874 3709
QC Ale 100000 2210582 1266518 7747
QC Ale 150000 3443453 1961686 12002
QC Ale 200000 4787744 2664807 16302
QC Ale 250000 5956552 3400461 20730
QC Ale 300000 7308915 4129633 25639
QC Ale 350000 8683891 4870717 29705
QC Ale 400000 9994370 5620095 34113
QC Ale 450000 11263508 6384275 38720
QC Ale 500000 12753914 7127979 43228
