QI1 OrdC 50000 400387 50253 351
QI1 OrdC 100000 800387 100253 648
QI1 OrdC 150000 1200387 150254 975
QI1 OrdC 200000 1600387 200254 1297
QI1 OrdC 250000 2000387 250254 1727
QI1 OrdC 300000 2400387 300254 1972
QI1 OrdC 350000 2800387 350254 2312
QI1 OrdC 400000 3200387 400254 2638
QI1 OrdC 450000 3600387 450254 2957
QI1 OrdC 500000 4000387 500254 3267
QI1 OrdD 50000 400393 125252 398
QI1 OrdD 100000 800393 250252 790
QI1 OrdD 150000 1200393 375251 1103
QI1 OrdD 200000 1600393 500251 1474
QI1 OrdD 250000 2000393 625251 1867
QI1 OrdD 300000 2400393 750251 2217
QI1 OrdD 350000 2800393 875251 2598
QI1 OrdD 400000 3200393 1000251 2951
QI1 OrdD 450000 3600393 1125251 3330
QI1 OrdD 500000 4000393 1250252 4003
QI1 Ale 50000 4737909 4543041 6606
QI1 Ale 100000 18036069 17674001 21868
QI1 Ale 150000 39465074 38915659 44982
QI1 Ale 200000 69962664 69219505 77404
QI1 Ale 250000 108869480 107932629 118316
QI1 Ale 300000 154556818 153365772 165392
QI1 Ale 350000 210925678 209590844 224292
QI1 Ale 400000 275951452 274462919 290366
QI1 Ale 450000 348593745 346896703 364240
QI1 Ale 500000 429655564 427701601 449495
