QI10 OrdC 50000 250048 50030 238
QI10 OrdC 100000 500048 100030 443
QI10 OrdC 150000 750048 150030 662
QI10 OrdC 200000 1000048 200030 887
QI10 OrdC 250000 1250048 250030 1112
QI10 OrdC 300000 1500048 300030 1410
QI10 OrdC 350000 1750048 350030 1572
QI10 OrdC 400000 2000048 400030 1823
QI10 OrdC 450000 2250048 450030 2046
QI10 OrdC 500000 2500048 500030 2242
QI10 OrdD 50000 250051 125027 284
QI10 OrdD 100000 500051 250027 531
QI10 OrdD 150000 750051 375028 850
QI10 OrdD 200000 1000051 500028 1090
QI10 OrdD 250000 1250051 625028 1325
QI10 OrdD 300000 1500051 750028 1624
QI10 OrdD 350000 1750051 875028 1882
QI10 OrdD 400000 2000051 1000028 2157
QI10 OrdD 450000 2250051 1125028 2422
QI10 OrdD 500000 2500051 1250028 2720
QI10 Ale 50000 42527095 42422509 43742
QI10 Ale 100000 169131841 168909961 168450
QI10 Ale 150000 389694020 389392413 408419
QI10 Ale 200000 682389569 682014433 703118
QI10 Ale 250000 1096667400 1096197144 1106988
QI10 Ale 300000 1541463267 1540866980 1539029
QI10 Ale 350000 2055830588 2055041170 2106211
QI10 Ale 400000 2741692093 2740897912 2721593
QI10 Ale 450000 3422656662 3421691861 3381455
QI10 Ale 500000 4189377172 4188285289 4282093
