QNR OrdC 50000 750015 98301 1490
QNR OrdC 100000 1600016 196605 3030
QNR OrdC 150000 2456803 253392 4175
QNR OrdC 200000 3400017 393213 6296
QNR OrdC 250000 4250017 393213 6706
QNR OrdC 300000 5213588 506784 8535
QNR OrdC 350000 6213588 656783 11044
QNR OrdC 400000 7200018 786428 12608
QNR OrdC 450000 8100018 786428 13192
QNR OrdC 500000 9000018 786428 13653
QNR OrdD 50000 750028 173297 1512
QNR OrdD 100000 1600030 346601 3063
QNR OrdD 150000 2456820 478391 4214
QNR OrdD 200000 3400032 693210 6287
QNR OrdD 250000 4250032 768210 6773
QNR OrdD 300000 5213606 956783 8815
QNR OrdD 350000 6213606 1181783 10519
QNR OrdD 400000 7200034 1386426 12726
QNR OrdD 450000 8100034 1461426 14210
QNR OrdD 500000 9000034 1536426 14704
QNR Ale 50000 1044378 597707 4730
QNR Ale 100000 2215356 1267413 9873
QNR Ale 150000 3504257 1955782 15691
QNR Ale 200000 4705000 2670256 21929
QNR Ale 250000 5997228 3399171 26015
QNR Ale 300000 7356004 4127418 33090
QNR Ale 350000 8660197 4870711 39143
QNR Ale 400000 9988033 5616945 42446
QNR Ale 450000 11374172 6368042 48119
QNR Ale 500000 12745310 7133625 53837
