QPE OrdC 50000 1250074998 149997 836967
QPE OrdC 100000 5000149998 299997 3346602
QPE OrdC 150000 11250224998 449996 7530445
QPE OrdC 200000 20000299998 599996 13406175
QPE OrdC 250000 31250374998 749996 20945781
QPE OrdC 300000 45000449998 899996 30206649
QPE OrdC 350000 61250524998 1049996 41026604
QPE OrdC 400000 80000599998 1199997 53595592
QPE OrdC 450000 101250674998 1349997 67926394
QPE OrdC 500000 125000749998 1499997 83901169
QPE OrdD 50000 1250099996 149997 840713
QPE OrdD 100000 5000199996 299997 3348932
QPE OrdD 150000 11250299996 449996 7535203
QPE OrdD 200000 20000399996 599996 13401395
QPE OrdD 250000 31250499996 749996 21108663
QPE OrdD 300000 45000599996 899996 30184235
QPE OrdD 350000 61250699996 1049996 41034493
QPE OrdD 400000 80000799996 1199997 53606282
QPE OrdD 450000 101250899996 1349997 67855391
QPE OrdD 500000 125000999996 1499997 83791542
QPE Ale 50000 1173201 601782 3783
QPE Ale 100000 2524741 1270379 7943
QPE Ale 150000 3875640 1973265 12299
QPE Ale 200000 5344201 2683726 16722
QPE Ale 250000 6841450 3405955 21216
QPE Ale 300000 8302153 4142912 25697
QPE Ale 350000 9731711 4896232 30320
QPE Ale 400000 11385606 5633354 34857
QPE Ale 450000 12762699 6408700 39597
QPE Ale 500000 14366212 7165025 44419
